# JRE version: OpenJDK Runtime Environment (11.0.15+10) (build 11.0.15+10-Ubuntu-0ubuntu0.20.04.1)
# Java VM: OpenJDK 64-Bit Server VM (11.0.15+10-Ubuntu-0ubuntu0.20.04.1, mixed mode, sharing, tiered, compressed oops, g1 gc, linux-amd64)
Heap:
 garbage-first heap   total 30720K, used 13670K [0x0000000747000000, 0x0000000800000000)
  region size 1024K, 6 young (6144K), 0 survivors (0K)
 Metaspace       used 12456K, capacity 13150K, committed 13440K, reserved 1060864K
  class space    used 1338K, capacity 1634K, committed 1664K, reserved 1048576K
GC Heap History (20 events):
Event: 0,174 GC heap before
{Heap before GC invocations=1 (full 1):
 garbage-first heap   total 20480K, used 7835K [0x0000000747000000, 0x0000000800000000)
  region size 1024K, 6 young (6144K), 0 survivors (0K)
 Metaspace       used 2068K, capacity 4881K, committed 5120K, reserved 1056768K
  class space    used 182K, capacity 450K, committed 512K, reserved 1048576K
}
Event: 0,175 GC heap after
{Heap after GC invocations=2 (full 1):
 garbage-first heap   total 20480K, used 2543K [0x0000000747000000, 0x0000000800000000)
  region size 1024K, 1 young (1024K), 1 survivors (1024K)
 Metaspace       used 2068K, capacity 4881K, committed 5120K, reserved 1056768K
  class space    used 182K, capacity 450K, committed 512K, reserved 1048576K
}
Event: 0,191 GC heap before
{Heap before GC invocations=2 (full 1):
 garbage-first heap   total 20480K, used 9711K [0x0000000747000000, 0x0000000800000000)
  region size 1024K, 8 young (8192K), 1 survivors (1024K)
 Metaspace       used 2075K, capacity 4881K, committed 5120K, reserved 1056768K
  class space    used 182K, capacity 450K, committed 512K, reserved 1048576K
}
Event: 0,193 GC heap after
{Heap after GC invocations=3 (full 1):
 garbage-first heap   total 20480K, used 3258K [0x0000000747000000, 0x0000000800000000)
  region size 1024K, 1 young (1024K), 1 survivors (1024K)
 Metaspace       used 2075K, capacity 4881K, committed 5120K, reserved 1056768K
  class space    used 182K, capacity 450K, committed 512K, reserved 1048576K
}
Event: 0,206 GC heap before
{Heap before GC invocations=3 (full 1):
 garbage-first heap   total 20480K, used 9402K [0x0000000747000000, 0x0000000800000000)
  region size 1024K, 7 young (7168K), 1 survivors (1024K)
 Metaspace       used 2092K, capacity 4881K, committed 5120K, reserved 1056768K
  class space    used 182K, capacity 450K, committed 512K, reserved 1048576K
}
Event: 0,208 GC heap after
{Heap after GC invocations=4 (full 1):
 garbage-first heap   total 20480K, used 3852K [0x0000000747000000, 0x0000000800000000)
  region size 1024K, 1 young (1024K), 1 survivors (1024K)
 Metaspace       used 2092K, capacity 4881K, committed 5120K, reserved 1056768K
  class space    used 182K, capacity 450K, committed 512K, reserved 1048576K
}
Event: 0,220 GC heap before
{Heap before GC invocations=4 (full 1):
 garbage-first heap   total 20480K, used 9996K [0x0000000747000000, 0x0000000800000000)
  region size 1024K, 7 young (7168K), 1 survivors (1024K)
 Metaspace       used 2094K, capacity 4881K, committed 5120K, reserved 1056768K
  class space    used 182K, capacity 450K, committed 512K, reserved 1048576K
}
Event: 0,222 GC heap after
{Heap after GC invocations=5 (full 1):
 garbage-first heap   total 20480K, used 4571K [0x0000000747000000, 0x0000000800000000)
  region size 1024K, 1 young (1024K), 1 survivors (1024K)
 Metaspace       used 2094K, capacity 4881K, committed 5120K, reserved 1056768K
  class space    used 182K, capacity 450K, committed 512K, reserved 1048576K
}
Event: 0,231 GC heap before
{Heap before GC invocations=5 (full 1):
 garbage-first heap   total 20480K, used 9691K [0x0000000747000000, 0x0000000800000000)
  region size 1024K, 6 young (6144K), 1 survivors (1024K)
 Metaspace       used 2106K, capacity 4881K, committed 5120K, reserved 1056768K
  class space    used 182K, capacity 450K, committed 512K, reserved 1048576K
}
Event: 0,234 GC heap after
{Heap after GC invocations=6 (full 1):
 garbage-first heap   total 105472K, used 5155K [0x0000000747000000, 0x0000000800000000)
  region size 1024K, 1 young (1024K), 1 survivors (1024K)
 Metaspace       used 2106K, capacity 4881K, committed 5120K, reserved 1056768K
  class space    used 182K, capacity 450K, committed 512K, reserved 1048576K
}
Event: 0,300 GC heap before
{Heap before GC invocations=6 (full 1):
 garbage-first heap   total 105472K, used 13347K [0x0000000747000000, 0x0000000800000000)
  region size 1024K, 10 young (10240K), 1 survivors (1024K)
 Metaspace       used 2638K, capacity 5121K, committed 5376K, reserved 1056768K
  class space    used 243K, capacity 490K, committed 512K, reserved 1048576K
}
Event: 0,312 GC heap after
{Heap after GC invocations=7 (full 2):
 garbage-first heap   total 30720K, used 6690K [0x0000000747000000, 0x0000000800000000)
  region size 1024K, 0 young (0K), 0 survivors (0K)
 Metaspace       used 2638K, capacity 5121K, committed 5376K, reserved 1056768K
  class space    used 243K, capacity 490K, committed 512K, reserved 1048576K
}
Event: 0,361 GC heap before
{Heap before GC invocations=7 (full 2):
 garbage-first heap   total 30720K, used 6690K [0x0000000747000000, 0x0000000800000000)
  region size 1024K, 1 young (1024K), 0 survivors (0K)
 Metaspace       used 2864K, capacity 5175K, committed 5376K, reserved 1056768K
  class space    used 270K, capacity 509K, committed 512K, reserved 1048576K
}
Event: 0,371 GC heap after
{Heap after GC invocations=8 (full 3):
 garbage-first heap   total 30720K, used 6941K [0x0000000747000000, 0x0000000800000000)
  region size 1024K, 0 young (0K), 0 survivors (0K)
 Metaspace       used 2864K, capacity 5175K, committed 5376K, reserved 1056768K
  class space    used 270K, capacity 509K, committed 512K, reserved 1048576K
}
Event: 0,397 GC heap before
{Heap before GC invocations=8 (full 3):
 garbage-first heap   total 30720K, used 6941K [0x0000000747000000, 0x0000000800000000)
  region size 1024K, 1 young (1024K), 0 survivors (0K)
 Metaspace       used 2928K, capacity 5261K, committed 5504K, reserved 1056768K
  class space    used 275K, capacity 515K, committed 640K, reserved 1048576K
}
Event: 0,406 GC heap after
{Heap after GC invocations=9 (full 4):
 garbage-first heap   total 30720K, used 6951K [0x0000000747000000, 0x0000000800000000)
  region size 1024K, 0 young (0K), 0 survivors (0K)
 Metaspace       used 2928K, capacity 5261K, committed 5504K, reserved 1056768K
  class space    used 275K, capacity 515K, committed 640K, reserved 1048576K
}
Event: 2,440 GC heap before
{Heap before GC invocations=9 (full 4):
 garbage-first heap   total 30720K, used 16167K [0x0000000747000000, 0x0000000800000000)
  region size 1024K, 9 young (9216K), 0 survivors (0K)
 Metaspace       used 10299K, capacity 10852K, committed 11136K, reserved 1058816K
  class space    used 1077K, capacity 1314K, committed 1408K, reserved 1048576K
}
Event: 2,447 GC heap after
{Heap after GC invocations=10 (full 4):
 garbage-first heap   total 30720K, used 8618K [0x0000000747000000, 0x0000000800000000)
  region size 1024K, 2 young (2048K), 2 survivors (2048K)
 Metaspace       used 10299K, capacity 10852K, committed 11136K, reserved 1058816K
  class space    used 1077K, capacity 1314K, committed 1408K, reserved 1048576K
}
Event: 2,467 GC heap before
{Heap before GC invocations=10 (full 4):
 garbage-first heap   total 30720K, used 8618K [0x0000000747000000, 0x0000000800000000)
  region size 1024K, 3 young (3072K), 2 survivors (2048K)
 Metaspace       used 10693K, capacity 11236K, committed 11392K, reserved 1058816K
  class space    used 1128K, capacity 1378K, committed 1408K, reserved 1048576K
}
Event: 2,496 GC heap after
{Heap after GC invocations=11 (full 5):
 garbage-first heap   total 30720K, used 8550K [0x0000000747000000, 0x0000000800000000)
  region size 1024K, 0 young (0K), 0 survivors (0K)
 Metaspace       used 10693K, capacity 11236K, committed 11392K, reserved 1058816K
  class space    used 1128K, capacity 1378K, committed 1408K, reserved 1048576K
}

