# JRE version: OpenJDK Runtime Environment (11.0.15+10) (build 11.0.15+10-Ubuntu-0ubuntu0.20.04.1)
# Java VM: OpenJDK 64-Bit Server VM (11.0.15+10-Ubuntu-0ubuntu0.20.04.1, mixed mode, sharing, tiered, compressed oops, g1 gc, linux-amd64)
Heap:
 garbage-first heap   total 27648K, used 7877K [0x0000000747000000, 0x0000000800000000)
  region size 1024K, 1 young (1024K), 0 survivors (0K)
 Metaspace       used 5719K, capacity 6059K, committed 6400K, reserved 1056768K
  class space    used 573K, capacity 684K, committed 768K, reserved 1048576K
GC Heap History (20 events):
Event: 0,088 GC heap before
{Heap before GC invocations=0 (full 0):
 garbage-first heap   total 192512K, used 3784K [0x0000000747000000, 0x0000000800000000)
  region size 1024K, 4 young (4096K), 0 survivors (0K)
 Metaspace       used 1341K, capacity 4692K, committed 4864K, reserved 1056768K
  class space    used 126K, capacity 434K, committed 512K, reserved 1048576K
}
Event: 0,090 GC heap after
{Heap after GC invocations=1 (full 1):
 garbage-first heap   total 20480K, used 1688K [0x0000000747000000, 0x0000000800000000)
  region size 1024K, 0 young (0K), 0 survivors (0K)
 Metaspace       used 1341K, capacity 4692K, committed 4864K, reserved 1056768K
  class space    used 126K, capacity 434K, committed 512K, reserved 1048576K
}
Event: 0,180 GC heap before
{Heap before GC invocations=1 (full 1):
 garbage-first heap   total 20480K, used 7832K [0x0000000747000000, 0x0000000800000000)
  region size 1024K, 6 young (6144K), 0 survivors (0K)
 Metaspace       used 2070K, capacity 4881K, committed 5120K, reserved 1056768K
  class space    used 182K, capacity 450K, committed 512K, reserved 1048576K
}
Event: 0,182 GC heap after
{Heap after GC invocations=2 (full 1):
 garbage-first heap   total 20480K, used 2533K [0x0000000747000000, 0x0000000800000000)
  region size 1024K, 1 young (1024K), 1 survivors (1024K)
 Metaspace       used 2070K, capacity 4881K, committed 5120K, reserved 1056768K
  class space    used 182K, capacity 450K, committed 512K, reserved 1048576K
}
Event: 0,202 GC heap before
{Heap before GC invocations=2 (full 1):
 garbage-first heap   total 20480K, used 9701K [0x0000000747000000, 0x0000000800000000)
  region size 1024K, 8 young (8192K), 1 survivors (1024K)
 Metaspace       used 2074K, capacity 4881K, committed 5120K, reserved 1056768K
  class space    used 182K, capacity 450K, committed 512K, reserved 1048576K
}
Event: 0,205 GC heap after
{Heap after GC invocations=3 (full 1):
 garbage-first heap   total 20480K, used 3274K [0x0000000747000000, 0x0000000800000000)
  region size 1024K, 1 young (1024K), 1 survivors (1024K)
 Metaspace       used 2074K, capacity 4881K, committed 5120K, reserved 1056768K
  class space    used 182K, capacity 450K, committed 512K, reserved 1048576K
}
Event: 0,220 GC heap before
{Heap before GC invocations=3 (full 1):
 garbage-first heap   total 20480K, used 9418K [0x0000000747000000, 0x0000000800000000)
  region size 1024K, 7 young (7168K), 1 survivors (1024K)
 Metaspace       used 2091K, capacity 4881K, committed 5120K, reserved 1056768K
  class space    used 182K, capacity 450K, committed 512K, reserved 1048576K
}
Event: 0,222 GC heap after
{Heap after GC invocations=4 (full 1):
 garbage-first heap   total 20480K, used 3766K [0x0000000747000000, 0x0000000800000000)
  region size 1024K, 1 young (1024K), 1 survivors (1024K)
 Metaspace       used 2091K, capacity 4881K, committed 5120K, reserved 1056768K
  class space    used 182K, capacity 450K, committed 512K, reserved 1048576K
}
Event: 0,234 GC heap before
{Heap before GC invocations=4 (full 1):
 garbage-first heap   total 20480K, used 9910K [0x0000000747000000, 0x0000000800000000)
  region size 1024K, 7 young (7168K), 1 survivors (1024K)
 Metaspace       used 2093K, capacity 4881K, committed 5120K, reserved 1056768K
  class space    used 182K, capacity 450K, committed 512K, reserved 1048576K
}
Event: 0,236 GC heap after
{Heap after GC invocations=5 (full 1):
 garbage-first heap   total 20480K, used 4436K [0x0000000747000000, 0x0000000800000000)
  region size 1024K, 1 young (1024K), 1 survivors (1024K)
 Metaspace       used 2093K, capacity 4881K, committed 5120K, reserved 1056768K
  class space    used 182K, capacity 450K, committed 512K, reserved 1048576K
}
Event: 0,247 GC heap before
{Heap before GC invocations=5 (full 1):
 garbage-first heap   total 20480K, used 10580K [0x0000000747000000, 0x0000000800000000)
  region size 1024K, 7 young (7168K), 1 survivors (1024K)
 Metaspace       used 2105K, capacity 4881K, committed 5120K, reserved 1056768K
  class space    used 182K, capacity 450K, committed 512K, reserved 1048576K
}
Event: 0,250 GC heap after
{Heap after GC invocations=6 (full 1):
 garbage-first heap   total 105472K, used 5197K [0x0000000747000000, 0x0000000800000000)
  region size 1024K, 1 young (1024K), 1 survivors (1024K)
 Metaspace       used 2105K, capacity 4881K, committed 5120K, reserved 1056768K
  class space    used 182K, capacity 450K, committed 512K, reserved 1048576K
}
Event: 0,321 GC heap before
{Heap before GC invocations=6 (full 1):
 garbage-first heap   total 105472K, used 12365K [0x0000000747000000, 0x0000000800000000)
  region size 1024K, 9 young (9216K), 1 survivors (1024K)
 Metaspace       used 2635K, capacity 5121K, committed 5376K, reserved 1056768K
  class space    used 243K, capacity 490K, committed 512K, reserved 1048576K
}
Event: 0,333 GC heap after
{Heap after GC invocations=7 (full 2):
 garbage-first heap   total 27648K, used 6690K [0x0000000747000000, 0x0000000800000000)
  region size 1024K, 0 young (0K), 0 survivors (0K)
 Metaspace       used 2635K, capacity 5121K, committed 5376K, reserved 1056768K
  class space    used 243K, capacity 490K, committed 512K, reserved 1048576K
}
Event: 0,374 GC heap before
{Heap before GC invocations=7 (full 2):
 garbage-first heap   total 27648K, used 6690K [0x0000000747000000, 0x0000000800000000)
  region size 1024K, 1 young (1024K), 0 survivors (0K)
 Metaspace       used 2843K, capacity 5175K, committed 5376K, reserved 1056768K
  class space    used 270K, capacity 509K, committed 512K, reserved 1048576K
}
Event: 0,382 GC heap after
{Heap after GC invocations=8 (full 3):
 garbage-first heap   total 27648K, used 6941K [0x0000000747000000, 0x0000000800000000)
  region size 1024K, 0 young (0K), 0 survivors (0K)
 Metaspace       used 2843K, capacity 5175K, committed 5376K, reserved 1056768K
  class space    used 270K, capacity 509K, committed 512K, reserved 1048576K
}
Event: 0,400 GC heap before
{Heap before GC invocations=8 (full 3):
 garbage-first heap   total 27648K, used 6941K [0x0000000747000000, 0x0000000800000000)
  region size 1024K, 1 young (1024K), 0 survivors (0K)
 Metaspace       used 2906K, capacity 5261K, committed 5504K, reserved 1056768K
  class space    used 275K, capacity 515K, committed 640K, reserved 1048576K
}
Event: 0,408 GC heap after
{Heap after GC invocations=9 (full 4):
 garbage-first heap   total 27648K, used 6951K [0x0000000747000000, 0x0000000800000000)
  region size 1024K, 0 young (0K), 0 survivors (0K)
 Metaspace       used 2906K, capacity 5261K, committed 5504K, reserved 1056768K
  class space    used 275K, capacity 515K, committed 640K, reserved 1048576K
}
Event: 2,293 GC heap before
{Heap before GC invocations=9 (full 4):
 garbage-first heap   total 27648K, used 12071K [0x0000000747000000, 0x0000000800000000)
  region size 1024K, 6 young (6144K), 0 survivors (0K)
 Metaspace       used 5712K, capacity 6059K, committed 6400K, reserved 1056768K
  class space    used 572K, capacity 684K, committed 768K, reserved 1048576K
}
Event: 2,302 GC heap after
{Heap after GC invocations=10 (full 5):
 garbage-first heap   total 27648K, used 7877K [0x0000000747000000, 0x0000000800000000)
  region size 1024K, 0 young (0K), 0 survivors (0K)
 Metaspace       used 5712K, capacity 6059K, committed 6400K, reserved 1056768K
  class space    used 572K, capacity 684K, committed 768K, reserved 1048576K
}

